0 info it worked if it ends with ok
1 verbose cli [ 'C:\\Program Files\\nodejs\\node.exe',
1 verbose cli   'C:\\Program Files\\nodejs\\node_modules\\npm\\bin\\npm-cli.js',
1 verbose cli   'run',
1 verbose cli   'supervisor' ]
2 info using npm@4.1.2
3 info using node@v7.7.2
4 verbose run-script [ 'presupervisor', 'supervisor', 'postsupervisor' ]
5 info lifecycle chat@0.0.1~presupervisor: chat@0.0.1
6 silly lifecycle chat@0.0.1~presupervisor: no script for presupervisor, continuing
7 info lifecycle chat@0.0.1~supervisor: chat@0.0.1
8 verbose lifecycle chat@0.0.1~supervisor: unsafe-perm in lifecycle true
9 verbose lifecycle chat@0.0.1~supervisor: PATH: C:\Program Files\nodejs\node_modules\npm\bin\node-gyp-bin;E:\mywork\chat\node_modules\.bin;C:\ProgramData\Oracle\Java\javapath;C:\Program Files (x86)\Intel\iCLS Client\;C:\Program Files\Intel\iCLS Client\;C:\Windows\system32;C:\Windows;C:\Windows\System32\Wbem;C:\Windows\System32\WindowsPowerShell\v1.0\;C:\Program Files (x86)\Intel\Intel(R) Management Engine Components\DAL;C:\Program Files\Intel\Intel(R) Management Engine Components\DAL;C:\Program Files (x86)\Intel\Intel(R) Management Engine Components\IPT;C:\Program Files\Intel\Intel(R) Management Engine Components\IPT;C:\Program Files (x86)\NVIDIA Corporation\PhysX\Common;C:\Program Files\Java\jdk1.8.0_111\bin;C:\Program Files\nodejs;D:\apache-maven-3.3.9/bin;D:\apache-tomcat-8.5.11\bin;D:\apache-tomcat-8.5.11\lib;D:\Program Files\PuTTY\;D:\apache-tomcat-8.5.11\lib;D:\apache-tomcat-8.5.11\bin;D:\Program Files\git\Git\cmd;C:\Program Files\nodejs\;C:\Users\win7\AppData\Roaming\npm
10 verbose lifecycle chat@0.0.1~supervisor: CWD: E:\mywork\chat
11 silly lifecycle chat@0.0.1~supervisor: Args: [ '/d /s /c', 'supervisor index.js' ]
12 silly lifecycle chat@0.0.1~supervisor: Returned: code: 1  signal: null
13 info lifecycle chat@0.0.1~supervisor: Failed to exec supervisor script
14 verbose stack Error: chat@0.0.1 supervisor: `supervisor index.js`
14 verbose stack Exit status 1
14 verbose stack     at EventEmitter.<anonymous> (C:\Program Files\nodejs\node_modules\npm\lib\utils\lifecycle.js:279:16)
14 verbose stack     at emitTwo (events.js:106:13)
14 verbose stack     at EventEmitter.emit (events.js:194:7)
14 verbose stack     at ChildProcess.<anonymous> (C:\Program Files\nodejs\node_modules\npm\lib\utils\spawn.js:40:14)
14 verbose stack     at emitTwo (events.js:106:13)
14 verbose stack     at ChildProcess.emit (events.js:194:7)
14 verbose stack     at maybeClose (internal/child_process.js:899:16)
14 verbose stack     at Process.ChildProcess._handle.onexit (internal/child_process.js:226:5)
15 verbose pkgid chat@0.0.1
16 verbose cwd E:\mywork\chat
17 error Windows_NT 6.1.7601
18 error argv "C:\\Program Files\\nodejs\\node.exe" "C:\\Program Files\\nodejs\\node_modules\\npm\\bin\\npm-cli.js" "run" "supervisor"
19 error node v7.7.2
20 error npm  v4.1.2
21 error code ELIFECYCLE
22 error chat@0.0.1 supervisor: `supervisor index.js`
22 error Exit status 1
23 error Failed at the chat@0.0.1 supervisor script 'supervisor index.js'.
23 error Make sure you have the latest version of node.js and npm installed.
23 error If you do, this is most likely a problem with the chat package,
23 error not with npm itself.
23 error Tell the author that this fails on your system:
23 error     supervisor index.js
23 error You can get information on how to open an issue for this project with:
23 error     npm bugs chat
23 error Or if that isn't available, you can get their info via:
23 error     npm owner ls chat
23 error There is likely additional logging output above.
24 verbose exit [ 1, true ]
